listening on *:3000
user connected:fdTjVRvjLYz_XOJ-AAAA
user connected:MAhVB2tEATPjsAJoAAAB
MAhVB2tEATPjsAJoAAAB is now online!
fdTjVRvjLYz_XOJ-AAAA is now online!
user disconnected:MAhVB2tEATPjsAJoAAAB
user connected:TOjcgnMmwu4tvOa4AAAC
TOjcgnMmwu4tvOa4AAAC is now online!
user disconnected:fdTjVRvjLYz_XOJ-AAAA
user connected:0jioPx2WLOtUfEFsAAAD
0jioPx2WLOtUfEFsAAAD is now online!
user disconnected:0jioPx2WLOtUfEFsAAAD
user disconnected:TOjcgnMmwu4tvOa4AAAC
user connected:PlIAZS7YVmu_DU3-AAAE
PlIAZS7YVmu_DU3-AAAE is now online!
user connected:aSzL1U0p6o6M10sFAAAF
aSzL1U0p6o6M10sFAAAF is now online!
user disconnected:aSzL1U0p6o6M10sFAAAF
user connected:kjL6hfJLAJiQtMKTAAAG
kjL6hfJLAJiQtMKTAAAG is now online!
user disconnected:kjL6hfJLAJiQtMKTAAAG
user connected:BUcC8aUgUHtxNL5pAAAH
BUcC8aUgUHtxNL5pAAAH is now online!
user disconnected:PlIAZS7YVmu_DU3-AAAE
user connected:TOEu1Rbbn1ReKwi7AAAI
TOEu1Rbbn1ReKwi7AAAI is now online!
user disconnected:TOEu1Rbbn1ReKwi7AAAI
user disconnected:BUcC8aUgUHtxNL5pAAAH
